<?xml version="1.0" encoding="UTF-8"?>
<coverage generated="1761094238085" clover="3.2.0">
  <project timestamp="1761094238085" name="All files">
    <metrics statements="2" coveredstatements="2" conditionals="0" coveredconditionals="0" methods="0" coveredmethods="0" elements="2" coveredelements="2" complexity="0" loc="2" ncloc="2" packages="2" files="2" classes="2"/>
    <package name="codingchalenges-cat">
      <metrics statements="1" coveredstatements="1" conditionals="0" coveredconditionals="0" methods="0" coveredmethods="0"/>
      <file name="cat.ts" path="/home/siddharth/coding-challenges/codingchalenges-cat/cat.ts">
        <metrics statements="1" coveredstatements="1" conditionals="0" coveredconditionals="0" methods="0" coveredmethods="0"/>
        <line num="1" count="1" type="stmt"/>
      </file>
    </package>
    <package name="codingchalenges-cat.utils">
      <metrics statements="1" coveredstatements="1" conditionals="0" coveredconditionals="0" methods="0" coveredmethods="0"/>
      <file name="ArgumentParser.ts" path="/home/siddharth/coding-challenges/codingchalenges-cat/utils/ArgumentParser.ts">
        <metrics statements="1" coveredstatements="1" conditionals="0" coveredconditionals="0" methods="0" coveredmethods="0"/>
        <line num="1" count="1" type="stmt"/>
      </file>
    </package>
  </project>
</coverage>
