{"/home/siddharth/coding-challenges/codingchalenges-cat/utils/ArgumentParser.ts": {"path":"/home/siddharth/coding-challenges/codingchalenges-cat/utils/ArgumentParser.ts","all":false,"statementMap":{"0":{"start":{"line":1,"column":0},"end":{"line":1,"column":29}},"1":{"start":{"line":2,"column":0},"end":{"line":2,"column":51}},"2":{"start":{"line":3,"column":0},"end":{"line":3,"column":44}},"3":{"start":{"line":4,"column":0},"end":{"line":4,"column":0}},"4":{"start":{"line":5,"column":0},"end":{"line":5,"column":27}},"5":{"start":{"line":6,"column":0},"end":{"line":6,"column":40}},"6":{"start":{"line":7,"column":0},"end":{"line":7,"column":51}},"7":{"start":{"line":8,"column":0},"end":{"line":8,"column":9}},"8":{"start":{"line":9,"column":0},"end":{"line":9,"column":5}},"9":{"start":{"line":10,"column":0},"end":{"line":10,"column":0}},"10":{"start":{"line":11,"column":0},"end":{"line":11,"column":47}},"11":{"start":{"line":12,"column":0},"end":{"line":12,"column":40}},"12":{"start":{"line":13,"column":0},"end":{"line":13,"column":49}},"13":{"start":{"line":14,"column":0},"end":{"line":14,"column":9}},"14":{"start":{"line":15,"column":0},"end":{"line":15,"column":5}},"15":{"start":{"line":16,"column":0},"end":{"line":16,"column":0}},"16":{"start":{"line":17,"column":0},"end":{"line":17,"column":27}},"17":{"start":{"line":18,"column":0},"end":{"line":18,"column":49}},"18":{"start":{"line":19,"column":0},"end":{"line":19,"column":66}},"19":{"start":{"line":20,"column":0},"end":{"line":20,"column":94}},"20":{"start":{"line":21,"column":0},"end":{"line":21,"column":68}},"21":{"start":{"line":22,"column":0},"end":{"line":22,"column":50}},"22":{"start":{"line":23,"column":0},"end":{"line":23,"column":44}},"23":{"start":{"line":24,"column":0},"end":{"line":24,"column":109}},"24":{"start":{"line":25,"column":0},"end":{"line":25,"column":65}},"25":{"start":{"line":26,"column":0},"end":{"line":26,"column":45}},"26":{"start":{"line":27,"column":0},"end":{"line":27,"column":24}},"27":{"start":{"line":28,"column":0},"end":{"line":28,"column":33}},"28":{"start":{"line":29,"column":0},"end":{"line":29,"column":55}},"29":{"start":{"line":30,"column":0},"end":{"line":30,"column":17}},"30":{"start":{"line":31,"column":0},"end":{"line":31,"column":50}},"31":{"start":{"line":32,"column":0},"end":{"line":32,"column":44}},"32":{"start":{"line":33,"column":0},"end":{"line":33,"column":87}},"33":{"start":{"line":34,"column":0},"end":{"line":34,"column":96}},"34":{"start":{"line":35,"column":0},"end":{"line":35,"column":16}},"35":{"start":{"line":36,"column":0},"end":{"line":36,"column":90}},"36":{"start":{"line":37,"column":0},"end":{"line":37,"column":60}},"37":{"start":{"line":38,"column":0},"end":{"line":38,"column":0}},"38":{"start":{"line":39,"column":0},"end":{"line":39,"column":62}},"39":{"start":{"line":40,"column":0},"end":{"line":40,"column":43}},"40":{"start":{"line":41,"column":0},"end":{"line":41,"column":60}},"41":{"start":{"line":42,"column":0},"end":{"line":42,"column":58}},"42":{"start":{"line":43,"column":0},"end":{"line":43,"column":48}},"43":{"start":{"line":44,"column":0},"end":{"line":44,"column":75}},"44":{"start":{"line":45,"column":0},"end":{"line":45,"column":61}},"45":{"start":{"line":46,"column":0},"end":{"line":46,"column":22}},"46":{"start":{"line":47,"column":0},"end":{"line":47,"column":17}},"47":{"start":{"line":48,"column":0},"end":{"line":48,"column":0}},"48":{"start":{"line":49,"column":0},"end":{"line":49,"column":43}},"49":{"start":{"line":50,"column":0},"end":{"line":50,"column":57}},"50":{"start":{"line":51,"column":0},"end":{"line":51,"column":54}},"51":{"start":{"line":52,"column":0},"end":{"line":52,"column":13}},"52":{"start":{"line":53,"column":0},"end":{"line":53,"column":0}},"53":{"start":{"line":54,"column":0},"end":{"line":54,"column":11}},"54":{"start":{"line":55,"column":0},"end":{"line":55,"column":0}},"55":{"start":{"line":56,"column":0},"end":{"line":56,"column":19}},"56":{"start":{"line":57,"column":0},"end":{"line":57,"column":5}},"57":{"start":{"line":58,"column":0},"end":{"line":58,"column":0}},"58":{"start":{"line":59,"column":0},"end":{"line":59,"column":35}},"59":{"start":{"line":60,"column":0},"end":{"line":60,"column":27}},"60":{"start":{"line":61,"column":0},"end":{"line":61,"column":97}},"61":{"start":{"line":62,"column":0},"end":{"line":62,"column":28}},"62":{"start":{"line":63,"column":0},"end":{"line":63,"column":10}},"63":{"start":{"line":64,"column":0},"end":{"line":64,"column":0}},"64":{"start":{"line":65,"column":0},"end":{"line":65,"column":18}},"65":{"start":{"line":66,"column":0},"end":{"line":66,"column":5}},"66":{"start":{"line":67,"column":0},"end":{"line":67,"column":0}},"67":{"start":{"line":68,"column":0},"end":{"line":68,"column":39}},"68":{"start":{"line":69,"column":0},"end":{"line":69,"column":40}},"69":{"start":{"line":70,"column":0},"end":{"line":70,"column":5}},"70":{"start":{"line":71,"column":0},"end":{"line":71,"column":1}}},"s":{"0":1,"1":1,"2":1,"3":1,"4":1,"5":1,"6":1,"7":1,"8":1,"9":1,"10":1,"11":6,"12":1,"13":1,"14":6,"15":1,"16":1,"17":6,"18":6,"19":32,"20":32,"21":32,"22":32,"23":32,"24":32,"25":32,"26":32,"27":32,"28":32,"29":32,"30":32,"31":32,"32":32,"33":32,"34":32,"35":32,"36":32,"37":32,"38":32,"39":16,"40":6,"41":6,"42":16,"43":10,"44":488,"45":10,"46":10,"47":16,"48":16,"49":10,"50":10,"51":10,"52":32,"53":6,"54":6,"55":6,"56":6,"57":1,"58":1,"59":6,"60":6,"61":132,"62":6,"63":6,"64":6,"65":6,"66":1,"67":1,"68":3,"69":3,"70":1},"branchMap":{"0":{"type":"branch","line":5,"loc":{"start":{"line":5,"column":12},"end":{"line":9,"column":5}},"locations":[{"start":{"line":5,"column":12},"end":{"line":9,"column":5}}]},"1":{"type":"branch","line":11,"loc":{"start":{"line":11,"column":19},"end":{"line":15,"column":5}},"locations":[{"start":{"line":11,"column":19},"end":{"line":15,"column":5}}]},"2":{"type":"branch","line":12,"loc":{"start":{"line":12,"column":39},"end":{"line":14,"column":9}},"locations":[{"start":{"line":12,"column":39},"end":{"line":14,"column":9}}]},"3":{"type":"branch","line":17,"loc":{"start":{"line":17,"column":18},"end":{"line":57,"column":5}},"locations":[{"start":{"line":17,"column":18},"end":{"line":57,"column":5}}]},"4":{"type":"branch","line":19,"loc":{"start":{"line":19,"column":29},"end":{"line":54,"column":9}},"locations":[{"start":{"line":19,"column":29},"end":{"line":54,"column":9}}]},"5":{"type":"branch","line":36,"loc":{"start":{"line":36,"column":65},"end":{"line":36,"column":90}},"locations":[{"start":{"line":36,"column":65},"end":{"line":36,"column":90}}]},"6":{"type":"branch","line":39,"loc":{"start":{"line":39,"column":37},"end":{"line":39,"column":59}},"locations":[{"start":{"line":39,"column":37},"end":{"line":39,"column":59}}]},"7":{"type":"branch","line":39,"loc":{"start":{"line":39,"column":61},"end":{"line":52,"column":13}},"locations":[{"start":{"line":39,"column":61},"end":{"line":52,"column":13}}]},"8":{"type":"branch","line":40,"loc":{"start":{"line":40,"column":42},"end":{"line":43,"column":17}},"locations":[{"start":{"line":40,"column":42},"end":{"line":43,"column":17}}]},"9":{"type":"branch","line":43,"loc":{"start":{"line":43,"column":17},"end":{"line":47,"column":17}},"locations":[{"start":{"line":43,"column":17},"end":{"line":47,"column":17}}]},"10":{"type":"branch","line":49,"loc":{"start":{"line":49,"column":42},"end":{"line":52,"column":13}},"locations":[{"start":{"line":49,"column":42},"end":{"line":52,"column":13}}]},"11":{"type":"branch","line":44,"loc":{"start":{"line":44,"column":66},"end":{"line":46,"column":21}},"locations":[{"start":{"line":44,"column":66},"end":{"line":46,"column":21}}]},"12":{"type":"branch","line":59,"loc":{"start":{"line":59,"column":18},"end":{"line":66,"column":5}},"locations":[{"start":{"line":59,"column":18},"end":{"line":66,"column":5}}]},"13":{"type":"branch","line":61,"loc":{"start":{"line":61,"column":38},"end":{"line":63,"column":9}},"locations":[{"start":{"line":61,"column":38},"end":{"line":63,"column":9}}]},"14":{"type":"branch","line":68,"loc":{"start":{"line":68,"column":18},"end":{"line":70,"column":5}},"locations":[{"start":{"line":68,"column":18},"end":{"line":70,"column":5}}]}},"b":{"0":[1],"1":[6],"2":[1],"3":[6],"4":[32],"5":[22],"6":[16],"7":[16],"8":[6],"9":[10],"10":[10],"11":[488],"12":[6],"13":[132],"14":[3]},"fnMap":{"0":{"name":"ArgumentParser","decl":{"start":{"line":5,"column":12},"end":{"line":9,"column":5}},"loc":{"start":{"line":5,"column":12},"end":{"line":9,"column":5}},"line":5},"1":{"name":"initializeArgumentParser","decl":{"start":{"line":11,"column":19},"end":{"line":15,"column":5}},"loc":{"start":{"line":11,"column":19},"end":{"line":15,"column":5}},"line":11},"2":{"name":"parse","decl":{"start":{"line":17,"column":18},"end":{"line":57,"column":5}},"loc":{"start":{"line":17,"column":18},"end":{"line":57,"column":5}},"line":17},"3":{"name":"getFlags","decl":{"start":{"line":59,"column":18},"end":{"line":66,"column":5}},"loc":{"start":{"line":59,"column":18},"end":{"line":66,"column":5}},"line":59},"4":{"name":"getArguments","decl":{"start":{"line":68,"column":18},"end":{"line":70,"column":5}},"loc":{"start":{"line":68,"column":18},"end":{"line":70,"column":5}},"line":68}},"f":{"0":1,"1":6,"2":6,"3":6,"4":3}}
}
