{"/home/siddharth/coding-challenges/codingchalenges-cat/src/ArgumentParser.ts": {"path":"/home/siddharth/coding-challenges/codingchalenges-cat/src/ArgumentParser.ts","all":false,"statementMap":{"0":{"start":{"line":1,"column":0},"end":{"line":1,"column":0}}},"s":{"0":1},"branchMap":{},"b":{},"fnMap":{},"f":{}}
,"/home/siddharth/coding-challenges/codingchalenges-cat/src/CatenateFiles.ts": {"path":"/home/siddharth/coding-challenges/codingchalenges-cat/src/CatenateFiles.ts","all":false,"statementMap":{"0":{"start":{"line":1,"column":0},"end":{"line":1,"column":0}}},"s":{"0":1},"branchMap":{},"b":{},"fnMap":{},"f":{}}
}
