TN:
SF:utils/ArgumentParser.ts
FN:5,ArgumentParser
FN:11,initializeArgumentParser
FN:17,parse
FN:59,getFlags
FN:68,getArguments
FNF:5
FNH:5
FNDA:1,ArgumentParser
FNDA:6,initializeArgumentParser
FNDA:6,parse
FNDA:6,getFlags
FNDA:3,getArguments
DA:1,1
DA:2,1
DA:3,1
DA:4,1
DA:5,1
DA:6,1
DA:7,1
DA:8,1
DA:9,1
DA:10,1
DA:11,1
DA:12,6
DA:13,1
DA:14,1
DA:15,6
DA:16,1
DA:17,1
DA:18,6
DA:19,6
DA:20,32
DA:21,32
DA:22,32
DA:23,32
DA:24,32
DA:25,32
DA:26,32
DA:27,32
DA:28,32
DA:29,32
DA:30,32
DA:31,32
DA:32,32
DA:33,32
DA:34,32
DA:35,32
DA:36,32
DA:37,32
DA:38,32
DA:39,32
DA:40,16
DA:41,6
DA:42,6
DA:43,16
DA:44,10
DA:45,488
DA:46,10
DA:47,10
DA:48,16
DA:49,16
DA:50,10
DA:51,10
DA:52,10
DA:53,32
DA:54,6
DA:55,6
DA:56,6
DA:57,6
DA:58,1
DA:59,1
DA:60,6
DA:61,6
DA:62,132
DA:63,6
DA:64,6
DA:65,6
DA:66,6
DA:67,1
DA:68,1
DA:69,3
DA:70,3
DA:71,1
LF:71
LH:71
BRDA:5,0,0,1
BRDA:11,1,0,6
BRDA:12,2,0,1
BRDA:17,3,0,6
BRDA:19,4,0,32
BRDA:36,5,0,22
BRDA:39,6,0,16
BRDA:39,7,0,16
BRDA:40,8,0,6
BRDA:43,9,0,10
BRDA:49,10,0,10
BRDA:44,11,0,488
BRDA:59,12,0,6
BRDA:61,13,0,132
BRDA:68,14,0,3
BRF:15
BRH:15
end_of_record
